#
# There is insufficient memory for the Java Runtime Environment to continue.
# Native memory allocation (mmap) failed to map 117440512 bytes for G1 virtual space
# Possible reasons:
#   The system is out of physical RAM or swap space
#   The process is running with CompressedOops enabled, and the Java Heap may be blocking the growth of the native heap
# Possible solutions:
#   Reduce memory load on the system
#   Increase physical memory or swap space
#   Check if swap backing store is full
#   Decrease Java heap size (-Xmx/-Xms)
#   Decrease number of Java threads
#   Decrease Java thread stack sizes (-Xss)
#   Set larger code cache with -XX:ReservedCodeCacheSize=
#   JVM is running with Unscaled Compressed Oops mode in which the Java heap is
#     placed in the first 4GB address space. The Java Heap base address is the
#     maximum limit for the native heap growth. Please use -XX:HeapBaseMinAddress
#     to set the Java Heap base and to place the Java Heap above 4GB virtual address.
# This output file may be truncated or incomplete.
#
#  Out of Memory Error (os_windows.cpp:3528), pid=12920, tid=2996
#
# JRE version:  (20.0.2+9) (build )
# Java VM: Java HotSpot(TM) 64-Bit Server VM (20.0.2+9-78, mixed mode, sharing, tiered, compressed oops, compressed class ptrs, g1 gc, windows-amd64)
# No core dump will be written. Minidumps are not enabled by default on client versions of Windows
#

---------------  S U M M A R Y ------------

Command Line: -Dfile.encoding=UTF-8 -Dstdout.encoding=UTF-8 -Dstderr.encoding=UTF-8 -XX:+ShowCodeDetailsInExceptionMessages Projet.Partie

Host: AMD Ryzen 5 3500U with Radeon Vega Mobile Gfx  , 8 cores, 6G,  Windows 11 , 64 bit Build 22621 (10.0.22621.2428)
Time: Sun Dec 10 00:57:07 2023 Paris, Madrid elapsed time: 0.021779 seconds (0d 0h 0m 0s)

---------------  T H R E A D  ---------------

Current thread (0x000002cf86568a50):  JavaThread "Unknown thread" [_thread_in_vm, id=2996, stack(0x000000edcc500000,0x000000edcc600000)]

Stack: [0x000000edcc500000,0x000000edcc600000]
Native frames: (J=compiled Java code, j=interpreted, Vv=VM code, C=native code)
V  [jvm.dll+0x6bc25a]
V  [jvm.dll+0x84971a]
V  [jvm.dll+0x84b315]
V  [jvm.dll+0x84ba13]
V  [jvm.dll+0x280e4f]
V  [jvm.dll+0x6b8fe9]
V  [jvm.dll+0x6adbca]
V  [jvm.dll+0x35b165]
V  [jvm.dll+0x363386]
V  [jvm.dll+0x3b400e]
V  [jvm.dll+0x3b4295]
V  [jvm.dll+0x32b86a]
V  [jvm.dll+0x32c68b]
V  [jvm.dll+0x8123df]
V  [jvm.dll+0x3c1261]
V  [jvm.dll+0x7fe103]
V  [jvm.dll+0x44ccaf]
V  [jvm.dll+0x44e621]
C  [jli.dll+0x5287]
C  [ucrtbase.dll+0x29363]
C  [KERNEL32.DLL+0x1257d]
C  [ntdll.dll+0x5aa78]


---------------  P R O C E S S  ---------------

Threads class SMR info:
_java_thread_list=0x00007ffb253eb118, length=0, elements={
}

Java Threads: ( => current thread )

Other Threads:
  0x000002cf865c0fa0 WorkerThread "GC Thread#0" [stack: 0x000000edcc600000,0x000000edcc700000] [id=27260]
  0x000002cf865d05f0 ConcurrentGCThread "G1 Main Marker" [stack: 0x000000edcc700000,0x000000edcc800000] [id=20700]
  0x000002cf865d1960 WorkerThread "G1 Conc#0" [stack: 0x000000edcc800000,0x000000edcc900000] [id=11324]

[error occurred during error reporting (printing all threads), id 0xc0000005, EXCEPTION_ACCESS_VIOLATION (0xc0000005) at pc=0x00007ffb24bceea7]
VM state: not at safepoint (not fully initialized)

VM Mutex/Monitor currently owned by a thread:  ([mutex/lock_event])
[0x000002cf865645c0] Heap_lock - owner thread: 0x000002cf86568a50

Heap address: 0x0000000091000000, size: 1776 MB, Compressed Oops mode: 32-bit

CDS archive(s) mapped at: [0x0000000000000000-0x0000000000000000-0x0000000000000000), size 0, SharedBaseAddress: 0x0000000800000000, ArchiveRelocationMode: 1.
Narrow klass base: 0x0000000000000000, Narrow klass shift: 0, Narrow klass range: 0x0

GC Precious Log:
 CardTable entry size: 512
 Card Set container configuration: InlinePtr #cards 5 size 8 Array Of Cards #cards 12 size 40 Howl #buckets 4 coarsen threshold 1843 Howl Bitmap #cards 512 size 80 coarsen threshold 460 Card regions per heap region 1 cards per card region 2048

Heap:
 garbage-first heap   total 0K, used 0K [0x0000000091000000, 0x0000000100000000)
  region size 1024K, 0 young (0K), 0 survivors (0K)

[error occurred during error reporting (printing heap information), id 0xc0000005, EXCEPTION_ACCESS_VIOLATION (0xc0000005) at pc=0x00007ffb24fa47b9]
GC Heap History (0 events):
No events

Dll operation events (1 events):
Event: 0.013 Loaded shared library C:\Program Files\Java\jdk-20\bin\java.dll

Deoptimization events (0 events):
No events

Classes loaded (0 events):
No events

Classes unloaded (0 events):
No events

Classes redefined (0 events):
No events

Internal exceptions (0 events):
No events

VM Operations (0 events):
No events

Events (0 events):
No events


Dynamic libraries:
0x00007ff74f4a0000 - 0x00007ff74f4b0000 	C:\Program Files\Java\jdk-20\bin\javaw.exe
0x00007ffbefb70000 - 0x00007ffbefd87000 	C:\Windows\SYSTEM32\ntdll.dll
0x00007ffbee400000 - 0x00007ffbee4c4000 	C:\Windows\System32\KERNEL32.DLL
0x00007ffbed1a0000 - 0x00007ffbed546000 	C:\Windows\System32\KERNELBASE.dll
0x00007ffbecfc0000 - 0x00007ffbed0d1000 	C:\Windows\System32\ucrtbase.dll
0x00007ffbbd750000 - 0x00007ffbbd76b000 	C:\Program Files\Java\jdk-20\bin\VCRUNTIME140.dll
0x00007ffbbdd30000 - 0x00007ffbbdd49000 	C:\Program Files\Java\jdk-20\bin\jli.dll
0x00007ffbef870000 - 0x00007ffbef920000 	C:\Windows\System32\ADVAPI32.dll
0x00007ffbee910000 - 0x00007ffbee9b7000 	C:\Windows\System32\msvcrt.dll
0x00007ffbee860000 - 0x00007ffbee906000 	C:\Windows\System32\sechost.dll
0x00007ffbef700000 - 0x00007ffbef817000 	C:\Windows\System32\RPCRT4.dll
0x00007ffbed8d0000 - 0x00007ffbeda7d000 	C:\Windows\System32\USER32.dll
0x00007ffbd6b40000 - 0x00007ffbd6dd3000 	C:\Windows\WinSxS\amd64_microsoft.windows.common-controls_6595b64144ccf1df_6.0.22621.2361_none_2712ced57382f843\COMCTL32.dll
0x00007ffbecf90000 - 0x00007ffbecfb6000 	C:\Windows\System32\win32u.dll
0x00007ffbefaa0000 - 0x00007ffbefac9000 	C:\Windows\System32\GDI32.dll
0x00007ffbed640000 - 0x00007ffbed758000 	C:\Windows\System32\gdi32full.dll
0x00007ffbecef0000 - 0x00007ffbecf8a000 	C:\Windows\System32\msvcp_win.dll
0x00007ffbe6150000 - 0x00007ffbe615a000 	C:\Windows\SYSTEM32\VERSION.dll
0x00007ffbeeb20000 - 0x00007ffbeeb51000 	C:\Windows\System32\IMM32.DLL
0x00007ffbe9e50000 - 0x00007ffbe9e5c000 	C:\Program Files\Java\jdk-20\bin\vcruntime140_1.dll
0x00007ffbb48a0000 - 0x00007ffbb492e000 	C:\Program Files\Java\jdk-20\bin\msvcp140.dll
0x00007ffb24890000 - 0x00007ffb25528000 	C:\Program Files\Java\jdk-20\bin\server\jvm.dll
0x00007ffbe7c00000 - 0x00007ffbe7c09000 	C:\Windows\SYSTEM32\WSOCK32.dll
0x00007ffbe6ee0000 - 0x00007ffbe6f14000 	C:\Windows\SYSTEM32\WINMM.dll
0x00007ffbef920000 - 0x00007ffbef991000 	C:\Windows\System32\WS2_32.dll
0x00007ffbebe90000 - 0x00007ffbebea8000 	C:\Windows\SYSTEM32\kernel.appcore.dll
0x00007ffbe9e90000 - 0x00007ffbe9e9a000 	C:\Program Files\Java\jdk-20\bin\jimage.dll
0x00007ffbeaa70000 - 0x00007ffbeac9e000 	C:\Windows\SYSTEM32\DBGHELP.DLL
0x00007ffbee4d0000 - 0x00007ffbee85a000 	C:\Windows\System32\combase.dll
0x00007ffbef610000 - 0x00007ffbef6e7000 	C:\Windows\System32\OLEAUT32.dll
0x00007ffbd7370000 - 0x00007ffbd73a2000 	C:\Windows\SYSTEM32\dbgcore.DLL
0x00007ffbed550000 - 0x00007ffbed5ca000 	C:\Windows\System32\bcryptPrimitives.dll
0x00007ffbbdd50000 - 0x00007ffbbdd76000 	C:\Program Files\Java\jdk-20\bin\java.dll

dbghelp: loaded successfully - version: 4.0.5 - missing functions: none
symbol engine: initialized successfully - sym options: 0x614 - pdb path: .;C:\Program Files\Java\jdk-20\bin;C:\Windows\SYSTEM32;C:\Windows\WinSxS\amd64_microsoft.windows.common-controls_6595b64144ccf1df_6.0.22621.2361_none_2712ced57382f843;C:\Program Files\Java\jdk-20\bin\server

VM Arguments:
jvm_args: -Dfile.encoding=UTF-8 -Dstdout.encoding=UTF-8 -Dstderr.encoding=UTF-8 -XX:+ShowCodeDetailsInExceptionMessages 
java_command: Projet.Partie
java_class_path (initial): E:\Cours_UTT_B1\LO02\Projet_KARMAKA\Projet_KARMAKA\bin
Launcher Type: SUN_STANDARD

[Global flags]
     intx CICompilerCount                          = 4                                         {product} {ergonomic}
     uint ConcGCThreads                            = 2                                         {product} {ergonomic}
     uint G1ConcRefinementThreads                  = 8                                         {product} {ergonomic}
   size_t G1HeapRegionSize                         = 1048576                                   {product} {ergonomic}
    uintx GCDrainStackTargetSize                   = 64                                        {product} {ergonomic}
   size_t InitialHeapSize                          = 117440512                                 {product} {ergonomic}
   size_t MarkStackSize                            = 4194304                                   {product} {ergonomic}
   size_t MaxHeapSize                              = 1862270976                                {product} {ergonomic}
   size_t MinHeapDeltaBytes                        = 1048576                                   {product} {ergonomic}
   size_t MinHeapSize                              = 8388608                                   {product} {ergonomic}
    uintx NonNMethodCodeHeapSize                   = 5839372                                {pd product} {ergonomic}
    uintx NonProfiledCodeHeapSize                  = 122909434                              {pd product} {ergonomic}
    uintx ProfiledCodeHeapSize                     = 122909434                              {pd product} {ergonomic}
    uintx ReservedCodeCacheSize                    = 251658240                              {pd product} {ergonomic}
     bool SegmentedCodeCache                       = true                                      {product} {ergonomic}
     bool ShowCodeDetailsInExceptionMessages       = true                                   {manageable} {command line}
   size_t SoftMaxHeapSize                          = 1862270976                             {manageable} {ergonomic}
     bool UseCompressedClassPointers               = true                           {product lp64_product} {ergonomic}
     bool UseCompressedOops                        = true                           {product lp64_product} {ergonomic}
     bool UseG1GC                                  = true                                      {product} {ergonomic}
     bool UseLargePagesIndividualAllocation        = false                                  {pd product} {ergonomic}

Logging:
Log output configuration:
 #0: stdout all=warning uptime,level,tags foldmultilines=false
 #1: stderr all=off uptime,level,tags foldmultilines=false

Environment Variables:
PATH=C:/Program Files/Java/jdk-20/bin/server;C:/Program Files/Java/jdk-20/bin;C:\Program Files\Common Files\Oracle\Java\javapath;C:\Windows\system32;C:\Windows;C:\Windows\System32\Wbem;C:\Windows\System32\WindowsPowerShell\v1.0\;C:\Windows\System32\OpenSSH\;C:\Program Files\Git\cmd;C:\Users\EG\AppData\Local\Programs\Python\Python311\Scripts\;C:\Users\EG\AppData\Local\Programs\Python\Python311\;C:\Users\EG\AppData\Local\Microsoft\WindowsApps;C:\Users\EG\AppData\Local\Programs\Microsoft VS Code\bin;C:\wamp64\bin\mysql\mysql8.0.31\bin;;C:\Program Files\JetBrains\PyCharm 2023.1.3\bin;;C:\Windows\system32;
USERNAME=MBANGUE
OS=Windows_NT
PROCESSOR_IDENTIFIER=AMD64 Family 23 Model 24 Stepping 1, AuthenticAMD
TMP=C:\Users\EG\AppData\Local\Temp
TEMP=C:\Users\EG\AppData\Local\Temp




---------------  S Y S T E M  ---------------

OS:
 Windows 11 , 64 bit Build 22621 (10.0.22621.2428)
OS uptime: 10 days 11:11 hours
Hyper-V role detected

CPU: total 8 (initial active 8) (8 cores per cpu, 2 threads per core) family 23 model 24 stepping 1 microcode 0x0, cx8, cmov, fxsr, ht, mmx, 3dnowpref, sse, sse2, sse3, ssse3, sse4a, sse4.1, sse4.2, popcnt, lzcnt, tsc, tscinvbit, avx, avx2, aes, clmul, bmi1, bmi2, adx, sha, fma, vzeroupper, clflush, clflushopt, hv, rdtscp, f16c

Memory: 4k page, system-wide physical 7103M (602M free)
TotalPageFile size 28607M (AvailPageFile size 99M)
current process WorkingSet (physical memory assigned to process): 11M, peak: 11M
current process commit charge ("private bytes"): 60M, peak: 172M

vm_info: Java HotSpot(TM) 64-Bit Server VM (20.0.2+9-78) for windows-amd64 JRE (20.0.2+9-78), built on 2023-06-14T10:08:48Z by "mach5one" with MS VC++ 17.1 (VS2022)

END.
